
Showing logs for build [32mjstrachan-custom-jenkins-sample-68jv7-1[0m stage [32mfrom-build-pack[0m and container [32mstep-credential-initializer-rchpt[0m
{"level":"warn","ts":1582201348.449857,"logger":"fallback-logger","caller":"logging/config.go:69","msg":"Fetch GitHub commit ID from kodata failed: \"ref: refs/heads/0.8.0-**-support-backwards-incompats\" is not a valid GitHub commit ID"}
{"level":"info","ts":1582201348.4504147,"logger":"fallback-logger","caller":"creds-init/main.go:40","msg":"Credentials initialized."}

Showing logs for build [32mjstrachan-custom-jenkins-sample-68jv7-1[0m stage [32mfrom-build-pack[0m and container [32mstep-working-dir-initializer-4s6qv[0m
{"level":"warn","ts":1582201348.898228,"logger":"fallback-logger","caller":"logging/config.go:69","msg":"Fetch GitHub commit ID from kodata failed: open /var/run/ko/HEAD: no such file or directory"}
{"level":"info","ts":1582201348.900644,"logger":"fallback-logger","caller":"bash/main.go:64","msg":"Successfully executed command \"sh -c mkdir -p /workspace/source\"; output "}

Showing logs for build [32mjstrachan-custom-jenkins-sample-68jv7-1[0m stage [32mfrom-build-pack[0m and container [32mstep-place-tools[0m

Showing logs for build [32mjstrachan-custom-jenkins-sample-68jv7-1[0m stage [32mfrom-build-pack[0m and container [32mstep-git-source-jstrachan-custom-jenkins-sample-68jv7-pptv9[0m
{"level":"warn","ts":1582201354.235372,"logger":"fallback-logger","caller":"logging/config.go:69","msg":"Fetch GitHub commit ID from kodata failed: \"ref: refs/heads/0.8.0-**-support-backwards-incompats\" is not a valid GitHub commit ID"}
{"level":"info","ts":1582201355.2684698,"logger":"fallback-logger","caller":"git/git.go:103","msg":"Successfully cloned https://github.com/*********/custom-jenkins-sample2.git @ v0.0.1 in path /workspace/source"}

Showing logs for build [32mjstrachan-custom-jenkins-sample-68jv7-1[0m stage [32mfrom-build-pack[0m and container [32mstep-git-merge[0m
Using SHAs from PULL_REFS=master:
WARNING: no SHAs to merge, falling back to initial cloned commit

Showing logs for build [32mjstrachan-custom-jenkins-sample-68jv7-1[0m stage [32mfrom-build-pack[0m and container [32mstep-setup-jx-git-credentials[0m
failed to get helm version: failed to run 'helm version --short' command in directory '', output: 'Client: v2.14.3+g0e7f3b6
Error: could not find tiller'
old helm binary on the PATH so replacing with helm 3
Cloning the Jenkins X versions repo https://github.com/*********/jenkins-x-versions.git with ref refs/heads/master to /builder/home/.**/jenkins-x-versions
Generated Git credentials file /workspace/xdg_config/git/credentials

Showing logs for build [32mjstrachan-custom-jenkins-sample-68jv7-1[0m stage [32mfrom-build-pack[0m and container [32mstep-build-build[0m
error: No Jenkins App services found in namespace ** with selector jenkins.io/kind=jenkins
Are you sure you installed a Jenkins App in this namespace?
Try ** add app **-app-jenkins
[31m
Pipeline failed on stage 'from-build-pack' : container 'step-build-build'. The execution of the pipeline has stopped.[0m
